<?xml version="1.0" encoding="UTF-8"?>
<!-- Generated by org.testng.reporters.JUnitXMLReporter -->
<testsuite hostname="EON-shridharn" ignored="3" name="Default test" tests="1" failures="0" timestamp="20 Aug 2019 14:12:07 GMT" time="2.468" errors="0">
  <testcase name="validate_303_seeOther" time="2.384" classname="statusCode_Redirection_3xx.Test_3xx"/>
  <testcase name="validate_301_movedPermantly" time="0.0" classname="statusCode_Redirection_3xx.Test_3xx">
    <ignored/>
  </testcase> <!-- validate_301_movedPermantly -->
  <testcase name="validate_302_Found" time="0.0" classname="statusCode_Redirection_3xx.Test_3xx">
    <ignored/>
  </testcase> <!-- validate_302_Found -->
  <testcase name="validate_300_multipleChoices" time="0.0" classname="statusCode_Redirection_3xx.Test_3xx">
    <ignored/>
  </testcase> <!-- validate_300_multipleChoices -->
</testsuite> <!-- Default test -->
