<?xml version="1.0" encoding="UTF-8"?>
<!-- Generated by org.testng.reporters.JUnitXMLReporter -->
<testsuite hostname="EON-shridharn" ignored="6" name="Default test" tests="1" failures="0" timestamp="27 Aug 2019 10:29:29 GMT" time="2.171" errors="0">
  <testcase name="validate_522_ConnectionTimedOut" time="2.075" classname="statusCode_ServerError_5xx.Test_5xx"/>
  <testcase name="validate_511_networkAuthenticationRequired" time="0.0" classname="statusCode_ServerError_5xx.Test_5xx">
    <ignored/>
  </testcase> <!-- validate_511_networkAuthenticationRequired -->
  <testcase name="validate_505_httpVersionUnsupported" time="0.0" classname="statusCode_ServerError_5xx.Test_5xx">
    <ignored/>
  </testcase> <!-- validate_505_httpVersionUnsupported -->
  <testcase name="validate_504_gatewayTimeout" time="0.0" classname="statusCode_ServerError_5xx.Test_5xx">
    <ignored/>
  </testcase> <!-- validate_504_gatewayTimeout -->
  <testcase name="validate_500_internalServerErr" time="0.0" classname="statusCode_ServerError_5xx.Test_5xx">
    <ignored/>
  </testcase> <!-- validate_500_internalServerErr -->
  <testcase name="validate_502_badGateway" time="0.0" classname="statusCode_ServerError_5xx.Test_5xx">
    <ignored/>
  </testcase> <!-- validate_502_badGateway -->
  <testcase name="validate_503_serviceUnavailable" time="0.0" classname="statusCode_ServerError_5xx.Test_5xx">
    <ignored/>
  </testcase> <!-- validate_503_serviceUnavailable -->
</testsuite> <!-- Default test -->
