<?xml version="1.0" encoding="UTF-8"?>
<testng-results skipped="0" failed="0" ignored="9" total="10" passed="1">
  <reporter-output>
  </reporter-output>
  <suite name="Default suite" duration-ms="4219" started-at="2019-08-22T11:14:02Z" finished-at="2019-08-22T11:14:07Z">
    <groups>
    </groups>
    <test name="Default test" duration-ms="4219" started-at="2019-08-22T11:14:02Z" finished-at="2019-08-22T11:14:07Z">
      <class name="statusCode_ClientError_4xx.Test_4xx">
        <test-method status="PASS" signature="setupSpec()[pri:0, instance:statusCode_ClientError_4xx.Test_4xx@59309333]" name="setupSpec" is-config="true" duration-ms="54" started-at="2019-08-22T16:44:02Z" finished-at="2019-08-22T16:44:02Z">
          <reporter-output>
          </reporter-output>
        </test-method> <!-- setupSpec -->
        <test-method status="PASS" signature="setupMainresourses()[pri:0, instance:statusCode_ClientError_4xx.Test_4xx@59309333]" name="setupMainresourses" is-config="true" duration-ms="24" started-at="2019-08-22T16:44:02Z" finished-at="2019-08-22T16:44:02Z">
          <reporter-output>
          </reporter-output>
        </test-method> <!-- setupMainresourses -->
        <test-method status="PASS" signature="validate_409_conflict()[pri:0, instance:statusCode_ClientError_4xx.Test_4xx@59309333]" name="validate_409_conflict" duration-ms="4127" started-at="2019-08-22T16:44:02Z" finished-at="2019-08-22T16:44:07Z">
          <reporter-output>
          </reporter-output>
        </test-method> <!-- validate_409_conflict -->
        <test-method status="PASS" signature="closePrerequisites()[pri:0, instance:statusCode_ClientError_4xx.Test_4xx@59309333]" name="closePrerequisites" is-config="true" duration-ms="0" started-at="2019-08-22T16:44:07Z" finished-at="2019-08-22T16:44:07Z">
          <reporter-output>
          </reporter-output>
        </test-method> <!-- closePrerequisites -->
      </class> <!-- statusCode_ClientError_4xx.Test_4xx -->
    </test> <!-- Default test -->
  </suite> <!-- Default suite -->
</testng-results>
